<?xml version="1.0" encoding="UTF-8"?>
<!-- Generated by org.testng.reporters.JUnitReportReporter -->
<testsuite hostname="Cuckoos-Air.bbrouter" failures="0" tests="1" name="testPackageDellMaven.testSignUp" time="13.928" errors="0" timestamp="2024-01-13T18:45:06 IST" skipped="0">
  <testcase classname="testPackageDellMaven.testSignUp" name="f" time="13.928"/>
</testsuite> <!-- testPackageDellMaven.testSignUp -->
